Arguments: 
  C:\Program Files\nodejs\node.exe D:\Node\node_global\node_modules\yarn\bin\yarn.js init

PATH: 
  C:\Users\syq\bin;C:\Program Files\Git\mingw64\bin;C:\Program Files\Git\usr\local\bin;C:\Program Files\Git\usr\bin;C:\Program Files\Git\usr\bin;C:\Program Files\Git\mingw64\bin;C:\Program Files\Git\usr\bin;C:\Users\syq\bin;C:\ProgramData\Oracle\Java\javapath;D:\flutter\bin;C:\Windows\system32;C:\Windows;C:\Windows\System32\Wbem;C:\Windows\System32\WindowsPowerShell\v1.0;D:\tool\Microsoft VS Code\bin;D:\tool\Git\cmd;C:\Program Files\Java\jdk1.8.0_151\bin;C:\Program Files\Java\jdk1.8.0_151\jre\bin;C:\Program Files\Git\cmd;C:\Program Files\nodejs;C:\Program Files\MongoDB\Server\3.4\bin;C:\Users\syq\AppData\Local\Programs\Python\Python37\Scripts;C:\Users\syq\AppData\Local\Programs\Python\Python37;C:\Users\syq\AppData\Local\Microsoft\WindowsApps;D:\Node\node_global;C:\Program Files\Git\usr\bin\vendor_perl;C:\Program Files\Git\usr\bin\core_perl

Yarn version: 
  1.12.3

Node version: 
  10.13.0

Platform: 
  win32 x64

Trace: 
  Error: Can't answer a question unless a user TTY
      at ConsoleReporter.question (D:\Node\node_global\node_modules\yarn\lib\cli.js:95522:59)
      at Object.<anonymous> (D:\Node\node_global\node_modules\yarn\lib\cli.js:88103:38)
      at Generator.next (<anonymous>)
      at step (D:\Node\node_global\node_modules\yarn\lib\cli.js:304:30)
      at D:\Node\node_global\node_modules\yarn\lib\cli.js:315:13

npm manifest: 
  No manifest

yarn manifest: 
  No manifest

Lockfile: 
  No lockfile
